0 info it worked if it ends with ok
1 verbose cli [ 'D:\\Node\\node.exe',
1 verbose cli   'D:\\Node\\node_global\\node_modules\\cnpm\\node_modules\\npm\\bin\\npm-cli.js',
1 verbose cli   '--userconfig=C:\\Users\\Administrator\\.cnpmrc',
1 verbose cli   '--disturl=https://npm.taobao.org/mirrors/node',
1 verbose cli   '--registry=https://registry.npm.taobao.org',
1 verbose cli   'run',
1 verbose cli   'dev' ]
2 info using npm@3.10.10
3 info using node@v6.10.3
4 verbose run-script [ 'predev', 'dev', 'postdev' ]
5 info lifecycle resturant-pos@1.0.0~predev: resturant-pos@1.0.0
6 silly lifecycle resturant-pos@1.0.0~predev: no script for predev, continuing
7 info lifecycle resturant-pos@1.0.0~dev: resturant-pos@1.0.0
8 verbose lifecycle resturant-pos@1.0.0~dev: unsafe-perm in lifecycle true
9 verbose lifecycle resturant-pos@1.0.0~dev: PATH: D:\Node\node_global\node_modules\cnpm\node_modules\npm\bin\node-gyp-bin;E:\毕业设计\RestaurantPOS\node_modules\.bin;D:\node\Scripts;D:\node\Scripts;C:\Windows\system32;C:\Windows;C:\Windows\System32\Wbem;C:\Windows\System32\WindowsPowerShell\v1.0\;C:\Program Files (x86)\Microsoft SQL Server\100\Tools\Binn\;C:\Program Files\Microsoft SQL Server\100\Tools\Binn\;C:\Program Files\Microsoft SQL Server\100\DTS\Binn\;C:\Program Files (x86)\Windows Kits\8.1\Windows Performance Toolkit\;C:\Program Files (x86)\Microsoft SDKs\TypeScript\1.0\;D:\mongodb-v2\bin;D:\Node\;C:\Program Files (x86)\Microsoft SQL Server\100\Tools\Binn\VSShell\Common7\IDE\;C:\Program Files (x86)\Microsoft Visual Studio 9.0\Common7\IDE\PrivateAssemblies\;C:\Program Files (x86)\Microsoft SQL Server\100\DTS\Binn\;C:\Users\Administrator\AppData\Roaming\npm\D:\mongodb\bin;D:\VSCode\Microsoft VS Code\bin;D:\Node\node_global;C:\Users\Administrator\AppData\Roaming\npm;D:\EgretLauncher\Egret Wing 3\bin
10 verbose lifecycle resturant-pos@1.0.0~dev: CWD: E:\毕业设计\RestaurantPOS
11 silly lifecycle resturant-pos@1.0.0~dev: Args: [ '/d /s /c', 'node build/dev-server.js' ]
12 silly lifecycle resturant-pos@1.0.0~dev: Returned: code: 3221225786  signal: null
13 info lifecycle resturant-pos@1.0.0~dev: Failed to exec dev script
14 verbose stack Error: resturant-pos@1.0.0 dev: `node build/dev-server.js`
14 verbose stack Exit status 3221225786
14 verbose stack     at EventEmitter.<anonymous> (D:\Node\node_global\node_modules\cnpm\node_modules\npm\lib\utils\lifecycle.js:255:16)
14 verbose stack     at emitTwo (events.js:106:13)
14 verbose stack     at EventEmitter.emit (events.js:191:7)
14 verbose stack     at ChildProcess.<anonymous> (D:\Node\node_global\node_modules\cnpm\node_modules\npm\lib\utils\spawn.js:40:14)
14 verbose stack     at emitTwo (events.js:106:13)
14 verbose stack     at ChildProcess.emit (events.js:191:7)
14 verbose stack     at maybeClose (internal/child_process.js:886:16)
14 verbose stack     at Process.ChildProcess._handle.onexit (internal/child_process.js:226:5)
15 verbose pkgid resturant-pos@1.0.0
16 verbose cwd E:\毕业设计\RestaurantPOS
17 error Windows_NT 6.1.7601
18 error argv "D:\\Node\\node.exe" "D:\\Node\\node_global\\node_modules\\cnpm\\node_modules\\npm\\bin\\npm-cli.js" "--userconfig=C:\\Users\\Administrator\\.cnpmrc" "--disturl=https://npm.taobao.org/mirrors/node" "--registry=https://registry.npm.taobao.org" "run" "dev"
19 error node v6.10.3
20 error npm  v3.10.10
21 error code ELIFECYCLE
22 error resturant-pos@1.0.0 dev: `node build/dev-server.js`
22 error Exit status 3221225786
23 error Failed at the resturant-pos@1.0.0 dev script 'node build/dev-server.js'.
23 error Make sure you have the latest version of node.js and npm installed.
23 error If you do, this is most likely a problem with the resturant-pos package,
23 error not with npm itself.
23 error Tell the author that this fails on your system:
23 error     node build/dev-server.js
23 error You can get information on how to open an issue for this project with:
23 error     npm bugs resturant-pos
23 error Or if that isn't available, you can get their info via:
23 error     npm owner ls resturant-pos
23 error There is likely additional logging output above.
24 verbose exit [ 1, true ]
